Arguments: 
  /Users/niuxiaodong/.nvm/versions/node/v8.11.4/bin/node /Users/niuxiaodong/.yarn/bin/yarn.js add sass-loader node-sass -D

PATH: 
  /Users/niuxiaodong/.yarn/bin:/Users/niuxiaodong/.config/yarn/global/node_modules/.bin:/Users/niuxiaodong/.nvm/versions/node/v8.11.4/bin:/usr/local/bin:/usr/bin:/bin:/usr/sbin:/sbin

Yarn version: 
  1.9.4

Node version: 
  8.11.4

Platform: 
  darwin x64

Trace: 
  Error: http://npmrepo.corp.qunar.com/sass-loader: ETIMEDOUT
      at Timeout._onTimeout (/Users/niuxiaodong/.yarn/lib/cli.js:138128:19)
      at ontimeout (timers.js:498:11)
      at tryOnTimeout (timers.js:323:5)
      at Timer.listOnTimeout (timers.js:290:5)

npm manifest: 
  {
    "name": "css_sass",
    "version": "1.0.0",
    "description": "",
    "main": "index.js",
    "scripts": {
      "test": "echo \"Error: no test specified\" && exit 1"
    },
    "keywords": [],
    "author": "",
    "license": "ISC"
  }

yarn manifest: 
  No manifest

Lockfile: 
  No lockfile
